Using pre-set license
Built from '2020.3/staging' branch; Version is '2020.3.0f1 (c7b5465681fb) revision 13088070'; Using compiler version '192528614'; Build Type 'Release'
OS: 'Windows 10 Home Single Language; OS build 19042.867; Version 2009; 64bit' Language: 'en' Physical Memory: 7959 MB
BatchMode: 1, IsHumanControllingUs: 0, StartBugReporterOnCrash: 0, Is64bit: 1, IsPro: 0

 COMMAND LINE ARGUMENTS:
F:\Unity Editors\2020.3.0f1\Editor\Unity.exe
-adb2
-batchMode
-noUpm
-name
AssetImportWorker0
-projectPath
E:/Unity Projects/JP_1
-logFile
Logs/AssetImportWorker0.log
-srvPort
58648
Successfully changed project path to: E:/Unity Projects/JP_1
E:/Unity Projects/JP_1
Using Asset Import Pipeline V2.
Refreshing native plugins compatible for Editor in 36.08 ms, found 0 plugins.
Preloading 0 native plugins for Editor in 0.00 ms.
Initialize engine version: 2020.3.0f1 (c7b5465681fb)
[Subsystems] Discovering subsystems at path F:/Unity Editors/2020.3.0f1/Editor/Data/Resources/UnitySubsystems
[Subsystems] Discovering subsystems at path E:/Unity Projects/JP_1/Assets
GfxDevice: creating device client; threaded=0
Direct3D:
    Version:  Direct3D 11.0 [level 11.1]
    Renderer: Intel(R) UHD Graphics (ID=0x8a56)
    Vendor:   
    VRAM:     3979 MB
    Driver:   26.20.100.7463
Initialize mono
Mono path[0] = 'F:/Unity Editors/2020.3.0f1/Editor/Data/Managed'
Mono path[1] = 'F:/Unity Editors/2020.3.0f1/Editor/Data/MonoBleedingEdge/lib/mono/unityjit'
Mono config path = 'F:/Unity Editors/2020.3.0f1/Editor/Data/MonoBleedingEdge/etc'
Using monoOptions --debugger-agent=transport=dt_socket,embedding=1,server=y,suspend=n,address=127.0.0.1:56228
Begin MonoManager ReloadAssembly
Registering precompiled unity dll's ...
Register platform support module: F:/Unity Editors/2020.3.0f1/Editor/Data/PlaybackEngines/WindowsStandaloneSupport/UnityEditor.WindowsStandalone.Extensions.dll
Registered in 0.000965 seconds.
Native extension for WindowsStandalone target not found
Refreshing native plugins compatible for Editor in 42.01 ms, found 0 plugins.
Preloading 0 native plugins for Editor in 0.00 ms.
Invoked RoslynAnalysisRunner static constructor.
RoslynAnalysisRunner will not be running.
RoslynAnalysisRunner has terminated.
Mono: successfully reloaded assembly
- Completed reload, in  1.737 seconds
Platform modules already initialized, skipping
Registering precompiled user dll's ...
Registered in 0.001510 seconds.
Begin MonoManager ReloadAssembly
Native extension for WindowsStandalone target not found
Refreshing native plugins compatible for Editor in 0.76 ms, found 0 plugins.
Preloading 0 native plugins for Editor in 0.00 ms.
Invoked RoslynAnalysisRunner static constructor.
RoslynAnalysisRunner will not be running.
RoslynAnalysisRunner has terminated.
Mono: successfully reloaded assembly
- Completed reload, in  2.356 seconds
Platform modules already initialized, skipping
========================================================================
Worker process is ready to serve import requests
Launched and connected shader compiler UnityShaderCompiler.exe after 0.19 seconds
Refreshing native plugins compatible for Editor in 0.47 ms, found 0 plugins.
Preloading 0 native plugins for Editor in 0.00 ms.
Unloading 1482 Unused Serialized files (Serialized files now loaded: 0)
System memory in use before: 66.8 MB.
System memory in use after: 66.9 MB.

Unloading 34 unused Assets to reduce memory usage. Loaded Objects now: 1913.
Total: 2.311700 ms (FindLiveObjects: 0.168900 ms CreateObjectMapping: 0.059700 ms MarkObjects: 1.963000 ms  DeleteObjects: 0.118600 ms)

========================================================================
Received Import Request.
  path: Assets/Scripts/PlayerController.cs
  artifactKey: Guid(5c899c09480eb054d8fe3c3b86f7e781) Importer(815301076,1909f56bfc062723c751e8b465ee728b)
Start importing Assets/Scripts/PlayerController.cs using Guid(5c899c09480eb054d8fe3c3b86f7e781) Importer(815301076,1909f56bfc062723c751e8b465ee728b)  -> (artifact id: 'ef55caefe046441ece66a288425291f4') in 0.040305 seconds
  Import took 0.085433 seconds .

AssetImportWorkerClient::OnTransportError - code=2 error=End of file
